C51 COMPILER V9.59.0.0   MAIN                                                              09/21/2018 13:04:46 PAGE 1   


C51 COMPILER V9.59.0.0, COMPILATION OF MODULE MAIN
OBJECT MODULE PLACED IN .\Objects\main.obj
COMPILER INVOKED BY: D:\study_tools\Embedded_tools\C51\BIN\C51.EXE main.c OPTIMIZE(8,SPEED) BROWSE DEBUG OBJECTEXTEND PR
                    -INT(.\Listings\main.lst) TABS(2) OBJECT(.\Objects\main.obj)

line level    source

   1          #include<reg52.h>
   2          void delay(int);
   3          void main()
   4          {
   5   1        int i;
   6   1        P2=0x03;
   7   1        delay(500);
   8   1        while(1)
   9   1        {
  10   2          for(i=0;i<3;i++)
  11   2            {
  12   3              P2<<=2;
  13   3              delay(500);
  14   3            }
  15   2          P2=0x03;
  16   2          delay(500);
  17   2        }
  18   1      }
  19          void delay(int x)
  20          {
  21   1        int i,j;
  22   1        for(i=x;i>0l;i--)
  23   1          for(j=110;j>0;j--);
  24   1      }


MODULE INFORMATION:   STATIC OVERLAYABLE
   CODE SIZE        =     99    ----
   CONSTANT SIZE    =   ----    ----
   XDATA SIZE       =   ----    ----
   PDATA SIZE       =   ----    ----
   DATA SIZE        =   ----       2
   IDATA SIZE       =   ----    ----
   BIT SIZE         =   ----    ----
END OF MODULE INFORMATION.


C51 COMPILATION COMPLETE.  0 WARNING(S),  0 ERROR(S)
